#
# There is insufficient memory for the Java Runtime Environment to continue.
# Native memory allocation (mmap) failed to map 62914560 bytes for committing reserved memory.
# Possible reasons:
#   The system is out of physical RAM or swap space
#   In 32 bit mode, the process size limit was hit
# Possible solutions:
#   Reduce memory load on the system
#   Increase physical memory or swap space
#   Check if swap backing store is full
#   Use 64 bit Java on a 64 bit OS
#   Decrease Java heap size (-Xmx/-Xms)
#   Decrease number of Java threads
#   Decrease Java thread stack sizes (-Xss)
#   Set larger code cache with -XX:ReservedCodeCacheSize=
# This output file may be truncated or incomplete.
#
#  Out of Memory Error (os_linux.cpp:2627), pid=3634, tid=140374031996672
#
# JRE version:  (8.0_66-b17) (build )
# Java VM: Java HotSpot(TM) 64-Bit Server VM (25.66-b17 mixed mode linux-amd64 compressed oops)
# Failed to write core dump. Core dumps have been disabled. To enable core dumping, try "ulimit -c unlimited" before starting Java again
#

---------------  T H R E A D  ---------------

Current thread (0x00007fab58009800):  JavaThread "Unknown thread" [_thread_in_vm, id=3638, stack(0x00007fab60401000,0x00007fab60502000)]

Stack: [0x00007fab60401000,0x00007fab60502000],  sp=0x00007fab60500340,  free space=1020k
Native frames: (J=compiled Java code, j=interpreted, Vv=VM code, C=native code)
V  [libjvm.so+0xab9a1a]  VMError::report_and_die()+0x2ba
V  [libjvm.so+0x4f9e0b]  report_vm_out_of_memory(char const*, int, unsigned long, VMErrorType, char const*)+0x8b
V  [libjvm.so+0x91a8a3]  os::Linux::commit_memory_impl(char*, unsigned long, bool)+0x103
V  [libjvm.so+0x91adf9]  os::pd_commit_memory(char*, unsigned long, unsigned long, bool)+0x29
V  [libjvm.so+0x91510a]  os::commit_memory(char*, unsigned long, unsigned long, bool)+0x2a
V  [libjvm.so+0xab5779]  VirtualSpace::expand_by(unsigned long, bool)+0x199
V  [libjvm.so+0xab62ce]  VirtualSpace::initialize(ReservedSpace, unsigned long)+0xee
V  [libjvm.so+0x5f68d1]  CardGeneration::CardGeneration(ReservedSpace, unsigned long, int, GenRemSet*)+0xf1
V  [libjvm.so+0xa5d23f]  TenuredGeneration::TenuredGeneration(ReservedSpace, unsigned long, int, GenRemSet*)+0x5f
V  [libjvm.so+0x5f7bd9]  GenerationSpec::init(ReservedSpace, int, GenRemSet*)+0x339
V  [libjvm.so+0x5e667e]  GenCollectedHeap::initialize()+0x1de
V  [libjvm.so+0xa8224b]  Universe::initialize_heap()+0xfb
V  [libjvm.so+0xa825be]  universe_init()+0x3e
V  [libjvm.so+0x6388f5]  init_globals()+0x65
V  [libjvm.so+0xa667be]  Threads::create_vm(JavaVMInitArgs*, bool*)+0x23e
V  [libjvm.so+0x6cce14]  JNI_CreateJavaVM+0x74
C  [libjli.so+0x745e]  JavaMain+0x9e
C  [libpthread.so.0+0x80a4]  start_thread+0xc4


---------------  P R O C E S S  ---------------

Java Threads: ( => current thread )

Other Threads:

=>0x00007fab58009800 (exited) JavaThread "Unknown thread" [_thread_in_vm, id=3638, stack(0x00007fab60401000,0x00007fab60502000)]

VM state:not at safepoint (not fully initialized)

VM Mutex/Monitor currently owned by a thread: None

GC Heap History (0 events):
No events

Deoptimization events (0 events):
No events

Internal exceptions (0 events):
No events

Events (0 events):
No events


Dynamic libraries:
00400000-00401000 r-xp 00000000 08:01 4588474                            /usr/lib/jvm/java-8-oracle/bin/java
00600000-00601000 rw-p 00000000 08:01 4588474                            /usr/lib/jvm/java-8-oracle/bin/java
00cfd000-00d1e000 rw-p 00000000 00:00 0                                  [heap]
a6a00000-a8800000 rw-p 00000000 00:00 0 
a8800000-c46a0000 ---p 00000000 00:00 0 
c82a0000-100000000 ---p 00000000 00:00 0 
7fab49000000-7fab49270000 rwxp 00000000 00:00 0 
7fab49270000-7fab58000000 ---p 00000000 00:00 0 
7fab58000000-7fab58033000 rw-p 00000000 00:00 0 
7fab58033000-7fab5c000000 ---p 00000000 00:00 0 
7fab5cca8000-7fab5cf3c000 rw-p 00000000 00:00 0 
7fab5cf3c000-7fab5d1f8000 ---p 00000000 00:00 0 
7fab5d1f8000-7fab5d203000 rw-p 00000000 00:00 0 
7fab5d203000-7fab5d5b9000 ---p 00000000 00:00 0 
7fab5d5b9000-7fab5d5d3000 r-xp 00000000 08:01 4854831                    /usr/lib/jvm/java-8-oracle/jre/lib/amd64/libzip.so
7fab5d5d3000-7fab5d7d3000 ---p 0001a000 08:01 4854831                    /usr/lib/jvm/java-8-oracle/jre/lib/amd64/libzip.so
7fab5d7d3000-7fab5d7d4000 rw-p 0001a000 08:01 4854831                    /usr/lib/jvm/java-8-oracle/jre/lib/amd64/libzip.so
7fab5d7d4000-7fab5d7df000 r-xp 00000000 08:01 4983621                    /lib/x86_64-linux-gnu/libnss_files-2.19.so
7fab5d7df000-7fab5d9de000 ---p 0000b000 08:01 4983621                    /lib/x86_64-linux-gnu/libnss_files-2.19.so
7fab5d9de000-7fab5d9df000 r--p 0000a000 08:01 4983621                    /lib/x86_64-linux-gnu/libnss_files-2.19.so
7fab5d9df000-7fab5d9e0000 rw-p 0000b000 08:01 4983621                    /lib/x86_64-linux-gnu/libnss_files-2.19.so
7fab5d9e0000-7fab5d9ea000 r-xp 00000000 08:01 4983613                    /lib/x86_64-linux-gnu/libnss_nis-2.19.so
7fab5d9ea000-7fab5dbe9000 ---p 0000a000 08:01 4983613                    /lib/x86_64-linux-gnu/libnss_nis-2.19.so
7fab5dbe9000-7fab5dbea000 r--p 00009000 08:01 4983613                    /lib/x86_64-linux-gnu/libnss_nis-2.19.so
7fab5dbea000-7fab5dbeb000 rw-p 0000a000 08:01 4983613                    /lib/x86_64-linux-gnu/libnss_nis-2.19.so
7fab5dbeb000-7fab5dc00000 r-xp 00000000 08:01 4983625                    /lib/x86_64-linux-gnu/libnsl-2.19.so
7fab5dc00000-7fab5ddff000 ---p 00015000 08:01 4983625                    /lib/x86_64-linux-gnu/libnsl-2.19.so
7fab5ddff000-7fab5de00000 r--p 00014000 08:01 4983625                    /lib/x86_64-linux-gnu/libnsl-2.19.so
7fab5de00000-7fab5de01000 rw-p 00015000 08:01 4983625                    /lib/x86_64-linux-gnu/libnsl-2.19.so
7fab5de01000-7fab5de03000 rw-p 00000000 00:00 0 
7fab5de03000-7fab5de0a000 r-xp 00000000 08:01 4983627                    /lib/x86_64-linux-gnu/libnss_compat-2.19.so
7fab5de0a000-7fab5e009000 ---p 00007000 08:01 4983627                    /lib/x86_64-linux-gnu/libnss_compat-2.19.so
7fab5e009000-7fab5e00a000 r--p 00006000 08:01 4983627                    /lib/x86_64-linux-gnu/libnss_compat-2.19.so
7fab5e00a000-7fab5e00b000 rw-p 00007000 08:01 4983627                    /lib/x86_64-linux-gnu/libnss_compat-2.19.so
7fab5e00b000-7fab5e035000 r-xp 00000000 08:01 4854826                    /usr/lib/jvm/java-8-oracle/jre/lib/amd64/libjava.so
7fab5e035000-7fab5e235000 ---p 0002a000 08:01 4854826                    /usr/lib/jvm/java-8-oracle/jre/lib/amd64/libjava.so
7fab5e235000-7fab5e237000 rw-p 0002a000 08:01 4854826                    /usr/lib/jvm/java-8-oracle/jre/lib/amd64/libjava.so
7fab5e237000-7fab5e244000 r-xp 00000000 08:01 4854830                    /usr/lib/jvm/java-8-oracle/jre/lib/amd64/libverify.so
7fab5e244000-7fab5e444000 ---p 0000d000 08:01 4854830                    /usr/lib/jvm/java-8-oracle/jre/lib/amd64/libverify.so
7fab5e444000-7fab5e446000 rw-p 0000d000 08:01 4854830                    /usr/lib/jvm/java-8-oracle/jre/lib/amd64/libverify.so
7fab5e446000-7fab5e44d000 r-xp 00000000 08:01 4983609                    /lib/x86_64-linux-gnu/librt-2.19.so
7fab5e44d000-7fab5e64c000 ---p 00007000 08:01 4983609                    /lib/x86_64-linux-gnu/librt-2.19.so
7fab5e64c000-7fab5e64d000 r--p 00006000 08:01 4983609                    /lib/x86_64-linux-gnu/librt-2.19.so
7fab5e64d000-7fab5e64e000 rw-p 00007000 08:01 4983609                    /lib/x86_64-linux-gnu/librt-2.19.so
7fab5e64e000-7fab5e74e000 r-xp 00000000 08:01 4983610                    /lib/x86_64-linux-gnu/libm-2.19.so
7fab5e74e000-7fab5e94d000 ---p 00100000 08:01 4983610                    /lib/x86_64-linux-gnu/libm-2.19.so
7fab5e94d000-7fab5e94e000 r--p 000ff000 08:01 4983610                    /lib/x86_64-linux-gnu/libm-2.19.so
7fab5e94e000-7fab5e94f000 rw-p 00100000 08:01 4983610                    /lib/x86_64-linux-gnu/libm-2.19.so
7fab5e94f000-7fab5f60d000 r-xp 00000000 08:01 5115533                    /usr/lib/jvm/java-8-oracle/jre/lib/amd64/server/libjvm.so
7fab5f60d000-7fab5f80c000 ---p 00cbe000 08:01 5115533                    /usr/lib/jvm/java-8-oracle/jre/lib/amd64/server/libjvm.so
7fab5f80c000-7fab5f8e5000 rw-p 00cbd000 08:01 5115533                    /usr/lib/jvm/java-8-oracle/jre/lib/amd64/server/libjvm.so
7fab5f8e5000-7fab5f929000 rw-p 00000000 00:00 0 
7fab5f929000-7fab5fac8000 r-xp 00000000 08:01 4983623                    /lib/x86_64-linux-gnu/libc-2.19.so
7fab5fac8000-7fab5fcc8000 ---p 0019f000 08:01 4983623                    /lib/x86_64-linux-gnu/libc-2.19.so
7fab5fcc8000-7fab5fccc000 r--p 0019f000 08:01 4983623                    /lib/x86_64-linux-gnu/libc-2.19.so
7fab5fccc000-7fab5fcce000 rw-p 001a3000 08:01 4983623                    /lib/x86_64-linux-gnu/libc-2.19.so
7fab5fcce000-7fab5fcd2000 rw-p 00000000 00:00 0 
7fab5fcd2000-7fab5fcd5000 r-xp 00000000 08:01 4983631                    /lib/x86_64-linux-gnu/libdl-2.19.so
7fab5fcd5000-7fab5fed4000 ---p 00003000 08:01 4983631                    /lib/x86_64-linux-gnu/libdl-2.19.so
7fab5fed4000-7fab5fed5000 r--p 00002000 08:01 4983631                    /lib/x86_64-linux-gnu/libdl-2.19.so
7fab5fed5000-7fab5fed6000 rw-p 00003000 08:01 4983631                    /lib/x86_64-linux-gnu/libdl-2.19.so
7fab5fed6000-7fab5feeb000 r-xp 00000000 08:01 4731375                    /usr/lib/jvm/java-8-oracle/lib/amd64/jli/libjli.so
7fab5feeb000-7fab600eb000 ---p 00015000 08:01 4731375                    /usr/lib/jvm/java-8-oracle/lib/amd64/jli/libjli.so
7fab600eb000-7fab600ec000 rw-p 00015000 08:01 4731375                    /usr/lib/jvm/java-8-oracle/lib/amd64/jli/libjli.so
7fab600ec000-7fab60104000 r-xp 00000000 08:01 4983628                    /lib/x86_64-linux-gnu/libpthread-2.19.so
7fab60104000-7fab60303000 ---p 00018000 08:01 4983628                    /lib/x86_64-linux-gnu/libpthread-2.19.so
7fab60303000-7fab60304000 r--p 00017000 08:01 4983628                    /lib/x86_64-linux-gnu/libpthread-2.19.so
7fab60304000-7fab60305000 rw-p 00018000 08:01 4983628                    /lib/x86_64-linux-gnu/libpthread-2.19.so
7fab60305000-7fab60309000 rw-p 00000000 00:00 0 
7fab60309000-7fab60329000 r-xp 00000000 08:01 4983616                    /lib/x86_64-linux-gnu/ld-2.19.so
7fab60401000-7fab60404000 ---p 00000000 00:00 0 
7fab60404000-7fab60506000 rw-p 00000000 00:00 0                          [stack:3638]
7fab6051a000-7fab6051d000 rw-p 00000000 00:00 0 
7fab6051d000-7fab60525000 rw-s 00000000 08:01 8650942                    /tmp/hsperfdata_jacinto/3634
7fab60525000-7fab60526000 rw-p 00000000 00:00 0 
7fab60526000-7fab60527000 r--p 00000000 00:00 0 
7fab60527000-7fab60529000 rw-p 00000000 00:00 0 
7fab60529000-7fab6052a000 r--p 00020000 08:01 4983616                    /lib/x86_64-linux-gnu/ld-2.19.so
7fab6052a000-7fab6052b000 rw-p 00021000 08:01 4983616                    /lib/x86_64-linux-gnu/ld-2.19.so
7fab6052b000-7fab6052c000 rw-p 00000000 00:00 0 
7ffea861b000-7ffea863c000 rw-p 00000000 00:00 0                          [stack]
7ffea8716000-7ffea8718000 r--p 00000000 00:00 0                          [vvar]
7ffea8718000-7ffea871a000 r-xp 00000000 00:00 0                          [vdso]
ffffffffff600000-ffffffffff601000 r-xp 00000000 00:00 0                  [vsyscall]

VM Arguments:
jvm_args: -Dfile.encoding=UTF-8 
java_command: main
java_class_path (initial): /home/jacinto/compi/CTDS/libs/java-cup-11a.jar:/home/jacinto/compi/CTDS/build/classes
Launcher Type: SUN_STANDARD

Environment Variables:
JAVA_HOME=/usr/lib/jvm/java-8-oracle
PATH=/usr/local/bin:/usr/bin:/bin:/usr/local/games:/usr/games:/usr/lib/jvm/java-8-oracle/bin:/usr/lib/jvm/java-8-oracle/db/bin:/usr/lib/jvm/java-8-oracle/jre/bin
USERNAME=jacinto
LD_LIBRARY_PATH=/usr/lib/jvm/java-8-oracle/jre/lib/amd64:/usr/lib/jvm/java-8-oracle/jre/lib/i386:
SHELL=/bin/bash
DISPLAY=:0

Signal Handlers:
SIGSEGV: [libjvm.so+0xaba2a0], sa_mask[0]=11111111011111111101111111111110, sa_flags=SA_RESTART|SA_SIGINFO
SIGBUS: [libjvm.so+0xaba2a0], sa_mask[0]=11111111011111111101111111111110, sa_flags=SA_RESTART|SA_SIGINFO
SIGFPE: [libjvm.so+0x917710], sa_mask[0]=11111111011111111101111111111110, sa_flags=SA_RESTART|SA_SIGINFO
SIGPIPE: [libjvm.so+0x917710], sa_mask[0]=11111111011111111101111111111110, sa_flags=SA_RESTART|SA_SIGINFO
SIGXFSZ: [libjvm.so+0x917710], sa_mask[0]=11111111011111111101111111111110, sa_flags=SA_RESTART|SA_SIGINFO
SIGILL: [libjvm.so+0x917710], sa_mask[0]=11111111011111111101111111111110, sa_flags=SA_RESTART|SA_SIGINFO
SIGUSR1: SIG_DFL, sa_mask[0]=00000000000000000000000000000000, sa_flags=none
SIGUSR2: [libjvm.so+0x918d40], sa_mask[0]=00100000000000000000000000000000, sa_flags=SA_RESTART|SA_SIGINFO
SIGHUP: SIG_DFL, sa_mask[0]=00000000000000000000000000000000, sa_flags=none
SIGINT: SIG_IGN, sa_mask[0]=00000000000000000000000000000000, sa_flags=none
SIGTERM: SIG_DFL, sa_mask[0]=00000000000000000000000000000000, sa_flags=none
SIGQUIT: SIG_DFL, sa_mask[0]=00000000000000000000000000000000, sa_flags=none


---------------  S Y S T E M  ---------------

OS:PRETTY_NAME="Debian GNU/Linux stretch/sid"
NAME="Debian GNU/Linux"
ID=debian
HOME_URL="https://www.debian.org/"
SUPPORT_URL="https://www.debian.org/support/"
BUG_REPORT_URL="https://bugs.debian.org/"

uname:Linux 4.2.0-1-amd64 #1 SMP Debian 4.2.3-2 (2015-10-14) x86_64
libc:glibc 2.19 NPTL 2.19 
rlimit: STACK 8192k, CORE 0k, NPROC 22528, NOFILE 65536, AS infinity
load average:6.51 3.48 2.09

/proc/meminfo:
MemTotal:        5853184 kB
MemFree:           43652 kB
MemAvailable:      63844 kB
Buffers:             536 kB
Cached:            65112 kB
SwapCached:            0 kB
Active:          4477792 kB
Inactive:          50504 kB
Active(anon):    4464688 kB
Inactive(anon):    39812 kB
Active(file):      13104 kB
Inactive(file):    10692 kB
Unevictable:           0 kB
Mlocked:               0 kB
SwapTotal:             0 kB
SwapFree:              0 kB
Dirty:               140 kB
Writeback:             0 kB
AnonPages:       4462720 kB
Mapped:            54440 kB
Shmem:             41780 kB
Slab:              76152 kB
SReclaimable:      32228 kB
SUnreclaim:        43924 kB
KernelStack:        8048 kB
PageTables:        37696 kB
NFS_Unstable:          0 kB
Bounce:                0 kB
WritebackTmp:          0 kB
CommitLimit:     2926592 kB
Committed_AS:    8390476 kB
VmallocTotal:   34359738367 kB
VmallocUsed:       46580 kB
VmallocChunk:   34359659636 kB
HardwareCorrupted:     0 kB
AnonHugePages:         0 kB
HugePages_Total:       0
HugePages_Free:        0
HugePages_Rsvd:        0
HugePages_Surp:        0
Hugepagesize:       2048 kB
DirectMap4k:       95520 kB
DirectMap2M:     2783232 kB
DirectMap1G:     4194304 kB


CPU:total 1 (1 cores per cpu, 1 threads per core) family 16 model 6 stepping 3, cmov, cx8, fxsr, mmx, sse, sse2, sse3, popcnt, mmxext, 3dnowpref, lzcnt, tsc, tscinvbit, tscinv

/proc/cpuinfo:
processor	: 0
vendor_id	: AuthenticAMD
cpu family	: 16
model		: 6
model name	: AMD V140 Processor
stepping	: 3
microcode	: 0x10000c8
cpu MHz		: 800.000
cache size	: 512 KB
physical id	: 0
siblings	: 1
core id		: 0
cpu cores	: 1
apicid		: 0
initial apicid	: 0
fpu		: yes
fpu_exception	: yes
cpuid level	: 5
wp		: yes
flags		: fpu vme de pse tsc msr pae mce cx8 apic sep mtrr pge mca cmov pat pse36 clflush mmx fxsr sse sse2 syscall nx mmxext fxsr_opt pdpe1gb rdtscp lm 3dnowext 3dnow constant_tsc rep_good nopl nonstop_tsc extd_apicid pni monitor cx16 popcnt lahf_lm svm extapic cr8_legacy abm sse4a 3dnowprefetch osvw ibs skinit wdt nodeid_msr hw_pstate npt lbrv svm_lock nrip_save vmmcall
bugs		: tlb_mmatch apic_c1e fxsave_leak sysret_ss_attrs
bogomips	: 4588.18
TLB size	: 1024 4K pages
clflush size	: 64
cache_alignment	: 64
address sizes	: 48 bits physical, 48 bits virtual
power management: ts ttp tm stc 100mhzsteps hwpstate



Memory: 4k page, physical 5853184k(43652k free), swap 0k(0k free)

vm_info: Java HotSpot(TM) 64-Bit Server VM (25.66-b17) for linux-amd64 JRE (1.8.0_66-b17), built on Oct  6 2015 17:28:34 by "java_re" with gcc 4.3.0 20080428 (Red Hat 4.3.0-8)

time: Sun Oct 25 14:34:57 2015
elapsed time: 13 seconds (0d 0h 0m 13s)

